<?xml version="1.0" encoding="UTF-8"?>
<!-- Generated by org.testng.reporters.JUnitReportReporter -->
<testsuite hostname="LAPTOP-GNE311EV" failures="0" tests="1" name="com.TestLaravel.testngMain" time="72.663" errors="0" timestamp="2021-04-23T22:20:01 IST" skipped="0">
  <testcase classname="com.TestLaravel.testngMain" name="verifyTestSuiteName" time="72.663"/>
  <system-out/>
</testsuite> <!-- com.TestLaravel.testngMain -->
