<?xml version="1.0" encoding="UTF-8"?>
<!-- Generated by org.testng.reporters.JUnitReportReporter -->
<testsuite hostname="LAPTOP-GNE311EV" failures="0" tests="1" name="com.TestLaravel.TestRunner" time="16.459" errors="0" timestamp="2021-04-22T12:42:01 IST" skipped="0">
  <testcase classname="com.TestLaravel.TestRunner" name="runScenario" time="16.459"/>
  <system-out/>
</testsuite> <!-- com.TestLaravel.TestRunner -->
